<?xml version="1.0" encoding="UTF-8"?>
<testng-results ignored="0" total="1" passed="1" failed="0" skipped="0">
  <reporter-output>
  </reporter-output>
  <suite started-at="2022-04-29T08:28:42 IST" name="Failed suite [Default suite]" finished-at="2022-04-29T08:28:55 IST" duration-ms="13614">
    <groups>
    </groups>
    <test started-at="2022-04-29T08:28:42 IST" name="Default test(failed)" finished-at="2022-04-29T08:28:55 IST" duration-ms="13614">
      <class name="Test.TechveritoProduct.listingProducts">
        <test-method is-config="true" signature="setup()[pri:0, instance:Test.TechveritoProduct.listingProducts@2805d709]" started-at="2022-04-29T08:28:42 IST" name="setup" finished-at="2022-04-29T08:28:51 IST" duration-ms="9527" status="PASS">
          <reporter-output>
          </reporter-output>
        </test-method> <!-- setup -->
        <test-method signature="filterProductByTitle()[pri:0, instance:Test.TechveritoProduct.listingProducts@2805d709]" started-at="2022-04-29T08:28:51 IST" name="filterProductByTitle" finished-at="2022-04-29T08:28:55 IST" duration-ms="3945" status="PASS">
          <reporter-output>
          </reporter-output>
        </test-method> <!-- filterProductByTitle -->
        <test-method is-config="true" signature="endTest()[pri:0, instance:Test.TechveritoProduct.listingProducts@2805d709]" started-at="2022-04-29T08:28:55 IST" name="endTest" finished-at="2022-04-29T08:28:55 IST" duration-ms="66" status="PASS">
          <reporter-output>
          </reporter-output>
        </test-method> <!-- endTest -->
      </class> <!-- Test.TechveritoProduct.listingProducts -->
    </test> <!-- Default test(failed) -->
  </suite> <!-- Failed suite [Default suite] -->
</testng-results>
