<?xml version="1.0" encoding="UTF-8"?>
<!-- Generated by org.testng.reporters.JUnitXMLReporter -->
<testsuite ignored="0" hostname="PRITI-PC" failures="0" tests="12" name="Test" time="195.142" errors="0" timestamp="2021-09-13T14:27:48 IST">
  <testcase classname="Test.TechveritoProduct.login" name="loginToApp" time="37.571"/>
  <testcase classname="Test.TechveritoProduct.createProduct" name="addProduct" time="2.318"/>
  <testcase classname="Test.TechveritoProduct.editProduct" name="addProduct" time="2.012"/>
  <testcase classname="Test.TechveritoProduct.deleteProduct" name="delProduct" time="1.195"/>
  <testcase classname="Test.TechveritoProduct.fieldValidation" name="emptyTitle" time="1.378"/>
  <testcase classname="Test.TechveritoProduct.fieldValidation" name="emptySku" time="1.34"/>
  <testcase classname="Test.TechveritoProduct.fieldValidation" name="emptyDescription" time="1.842"/>
  <testcase classname="Test.TechveritoProduct.fieldValidation" name="uniqueTitle" time="1.481"/>
  <testcase classname="Test.TechveritoProduct.fieldValidation" name="uniqueSku" time="4.382"/>
  <testcase classname="Test.TechveritoProduct.fieldValidation" name="titleLenghtValidation" time="2.205"/>
  <testcase classname="Test.TechveritoProduct.fieldValidation" name="skuLenghtValidation" time="2.143"/>
  <testcase classname="Test.TechveritoProduct.listingProducts" name="filterProductByTitle" time="4.265"/>
</testsuite> <!-- Test -->
