<?xml version="1.0" encoding="UTF-8"?>
<!-- Generated by org.testng.reporters.JUnitXMLReporter -->
<testsuite ignored="0" hostname="PRITI-PC" failures="0" tests="12" name="Test" time="50.165" errors="0" timestamp="2022-04-29T08:26:19 IST">
  <testcase classname="Test.TechveritoProduct.listingProducts" name="filterProductByTitle" time="3.845"/>
  <testcase classname="Test.TechveritoProduct.login" name="loginToApp" time="1.543"/>
  <testcase classname="Test.TechveritoProduct.CRUDOpProduct" name="addProduct" time="2.141"/>
  <testcase classname="Test.TechveritoProduct.fieldValidation" name="emptyTitle" time="2.519"/>
  <testcase classname="Test.TechveritoProduct.CRUDOpProduct" name="editProduct" time="1.662"/>
  <testcase classname="Test.TechveritoProduct.fieldValidation" name="emptySku" time="1.814"/>
  <testcase classname="Test.TechveritoProduct.CRUDOpProduct" name="delProduct" time="1.103"/>
  <testcase classname="Test.TechveritoProduct.fieldValidation" name="emptyDescription" time="1.644"/>
  <testcase classname="Test.TechveritoProduct.fieldValidation" name="uniqueTitle" time="1.667"/>
  <testcase classname="Test.TechveritoProduct.fieldValidation" name="uniqueSku" time="1.644"/>
  <testcase classname="Test.TechveritoProduct.fieldValidation" name="titleLenghtValidation" time="1.714"/>
  <testcase classname="Test.TechveritoProduct.fieldValidation" name="skuLenghtValidation" time="1.67"/>
</testsuite> <!-- Test -->
