<?xml version="1.0" encoding="UTF-8"?>
<!-- Generated by org.testng.reporters.JUnitXMLReporter -->
<testsuite ignored="0" hostname="PRITI-PC" failures="0" tests="7" name="Default test" time="24.044" errors="0" timestamp="2022-04-29T10:34:19 IST">
  <testcase classname="Test.TechveritoProduct.fieldValidation" name="emptyTitle" time="1.987"/>
  <testcase classname="Test.TechveritoProduct.fieldValidation" name="emptySku" time="1.805"/>
  <testcase classname="Test.TechveritoProduct.fieldValidation" name="emptyDescription" time="1.825"/>
  <testcase classname="Test.TechveritoProduct.fieldValidation" name="uniqueTitle" time="1.83"/>
  <testcase classname="Test.TechveritoProduct.fieldValidation" name="uniqueSku" time="2.294"/>
  <testcase classname="Test.TechveritoProduct.fieldValidation" name="titleLenghtValidation" time="2.127"/>
  <testcase classname="Test.TechveritoProduct.fieldValidation" name="skuLenghtValidation" time="2.055"/>
</testsuite> <!-- Default test -->
