<?xml version="1.0" encoding="UTF-8"?>
<!-- Generated by org.testng.reporters.JUnitXMLReporter -->
<testsuite ignored="0" hostname="PRITI-PC" failures="0" tests="12" name="Test" time="84.955" errors="0" timestamp="2022-04-29T10:36:02 IST">
  <testcase classname="Test.TechveritoProduct.listingProducts" name="filterProductByTitle" time="4.805"/>
  <testcase classname="Test.TechveritoProduct.login" name="loginToApp" time="1.468"/>
  <testcase classname="Test.TechveritoProduct.CRUDOpProduct" name="addProduct" time="2.141"/>
  <testcase classname="Test.TechveritoProduct.fieldValidation" name="emptyTitle" time="2.526"/>
  <testcase classname="Test.TechveritoProduct.CRUDOpProduct" name="editProduct" time="1.91"/>
  <testcase classname="Test.TechveritoProduct.fieldValidation" name="emptySku" time="2.336"/>
  <testcase classname="Test.TechveritoProduct.CRUDOpProduct" name="delProduct" time="1.305"/>
  <testcase classname="Test.TechveritoProduct.fieldValidation" name="emptyDescription" time="2.416"/>
  <testcase classname="Test.TechveritoProduct.fieldValidation" name="uniqueTitle" time="1.774"/>
  <testcase classname="Test.TechveritoProduct.fieldValidation" name="uniqueSku" time="1.745"/>
  <testcase classname="Test.TechveritoProduct.fieldValidation" name="titleLenghtValidation" time="2.324"/>
  <testcase classname="Test.TechveritoProduct.fieldValidation" name="skuLenghtValidation" time="1.915"/>
</testsuite> <!-- Test -->
